------------------------------------------------------
--------------------Extraction Log--------------------
--------------------4/10/2021 9:54:08 AM-------------
------------------------------------------------------


file:: s2s_se_world_sculptor.mdl {
Extraction Status: Succesful
};


file:: s2s_se_clouds_front_c.mdl {
Extraction Status: Succesful
};


file:: s2s_se_clouds_front_b.mdl {
Extraction Status: Succesful
};


file:: s2s_se_clouds_front_a.mdl {
Extraction Status: Succesful
};


file:: s2s_se_canyon_vista_f.mdl {
Extraction Status: Succesful
};


file:: s2s_sky.mdl {
Extraction Status: Succesful
};


file:: s2s_se_canyon_vista_c.mdl {
Extraction Status: Succesful
};


file:: s2s_se_canyon_vista_e.mdl {
Extraction Status: Succesful
};


file:: s2s_se_canyon_vista_d.mdl {
Extraction Status: Succesful
};


file:: s2s_se_canyon_vista_h.mdl {
Extraction Status: Succesful
};


file:: s2s_se_canyon_vista_g.mdl {
Extraction Status: Succesful
};


file:: s2s_se_canyon_vista_b.mdl {
Extraction Status: Succesful
};


file:: s2s_land_attachpoints_neg1000x.mdl {
Extraction Status: Succesful
};


file:: s2s_se_canyon_vista_a.mdl {
Extraction Status: Succesful
};


file:: s2s_se_b.mdl {
Extraction Status: Succesful
};


file:: s2s_se_trans_ba.mdl {
Extraction Status: Succesful
};


file:: s2s_se_trans_ab.mdl {
Extraction Status: Succesful
};


file:: s2s_se_a.mdl {
Extraction Status: Succesful
};

